<?xml version="1.0" encoding="UTF-8"?>
<testsuite xmlns:xsi="http://www.w3.org/2001/XMLSchema-instance" xsi:noNamespaceSchemaLocation="https://maven.apache.org/surefire/maven-surefire-plugin/xsd/surefire-test-report.xsd" name="notificationsystem.view.MailBuilderTests" time="1.903" tests="3" errors="0" skipped="0" failures="0">
  <properties>
    <property name="java.specification.version" value="16"/>
    <property name="sun.jnu.encoding" value="UTF-8"/>
    <property name="java.class.path" value="/home/runner/work/KIT-PSE_Sensordatenbankmanagementsystem/KIT-PSE_Sensordatenbankmanagementsystem/notification/target/test-classes:/home/runner/work/KIT-PSE_Sensordatenbankmanagementsystem/KIT-PSE_Sensordatenbankmanagementsystem/notification/target/classes:/home/runner/.m2/repository/org/springframework/boot/spring-boot-starter-data-jpa/2.5.0/spring-boot-starter-data-jpa-2.5.0.jar:/home/runner/.m2/repository/org/springframework/boot/spring-boot-starter-aop/2.5.0/spring-boot-starter-aop-2.5.0.jar:/home/runner/.m2/repository/org/springframework/spring-aop/5.3.7/spring-aop-5.3.7.jar:/home/runner/.m2/repository/org/aspectj/aspectjweaver/1.9.6/aspectjweaver-1.9.6.jar:/home/runner/.m2/repository/org/springframework/boot/spring-boot-starter-jdbc/2.5.0/spring-boot-starter-jdbc-2.5.0.jar:/home/runner/.m2/repository/com/zaxxer/HikariCP/4.0.3/HikariCP-4.0.3.jar:/home/runner/.m2/repository/org/springframework/spring-jdbc/5.3.7/spring-jdbc-5.3.7.jar:/home/runner/.m2/repository/jakarta/transaction/jakarta.transaction-api/1.3.3/jakarta.transaction-api-1.3.3.jar:/home/runner/.m2/repository/jakarta/persistence/jakarta.persistence-api/2.2.3/jakarta.persistence-api-2.2.3.jar:/home/runner/.m2/repository/org/hibernate/hibernate-core/5.4.31.Final/hibernate-core-5.4.31.Final.jar:/home/runner/.m2/repository/org/jboss/logging/jboss-logging/3.4.1.Final/jboss-logging-3.4.1.Final.jar:/home/runner/.m2/repository/org/javassist/javassist/3.27.0-GA/javassist-3.27.0-GA.jar:/home/runner/.m2/repository/net/bytebuddy/byte-buddy/1.10.22/byte-buddy-1.10.22.jar:/home/runner/.m2/repository/antlr/antlr/2.7.7/antlr-2.7.7.jar:/home/runner/.m2/repository/org/jboss/jandex/2.2.3.Final/jandex-2.2.3.Final.jar:/home/runner/.m2/repository/com/fasterxml/classmate/1.5.1/classmate-1.5.1.jar:/home/runner/.m2/repository/org/dom4j/dom4j/2.1.3/dom4j-2.1.3.jar:/home/runner/.m2/repository/org/hibernate/common/hibernate-commons-annotations/5.1.2.Final/hibernate-commons-annotations-5.1.2.Final.jar:/home/runner/.m2/repository/org/glassfish/jaxb/jaxb-runtime/2.3.4/jaxb-runtime-2.3.4.jar:/home/runner/.m2/repository/org/glassfish/jaxb/txw2/2.3.4/txw2-2.3.4.jar:/home/runner/.m2/repository/com/sun/istack/istack-commons-runtime/3.0.12/istack-commons-runtime-3.0.12.jar:/home/runner/.m2/repository/org/springframework/data/spring-data-jpa/2.5.1/spring-data-jpa-2.5.1.jar:/home/runner/.m2/repository/org/springframework/data/spring-data-commons/2.5.1/spring-data-commons-2.5.1.jar:/home/runner/.m2/repository/org/springframework/spring-orm/5.3.7/spring-orm-5.3.7.jar:/home/runner/.m2/repository/org/springframework/spring-context/5.3.7/spring-context-5.3.7.jar:/home/runner/.m2/repository/org/springframework/spring-tx/5.3.7/spring-tx-5.3.7.jar:/home/runner/.m2/repository/org/springframework/spring-beans/5.3.7/spring-beans-5.3.7.jar:/home/runner/.m2/repository/org/springframework/spring-aspects/5.3.7/spring-aspects-5.3.7.jar:/home/runner/.m2/repository/org/postgresql/postgresql/42.2.20/postgresql-42.2.20.jar:/home/runner/.m2/repository/org/checkerframework/checker-qual/3.5.0/checker-qual-3.5.0.jar:/home/runner/.m2/repository/javax/mail/javax.mail-api/1.6.2/javax.mail-api-1.6.2.jar:/home/runner/.m2/repository/javax/javaee-api/8.0.1/javaee-api-8.0.1.jar:/home/runner/.m2/repository/com/sun/mail/javax.mail/1.6.2/javax.mail-1.6.2.jar:/home/runner/.m2/repository/javax/activation/activation/1.1/activation-1.1.jar:/home/runner/.m2/repository/org/springframework/boot/spring-boot-starter-web/2.5.0/spring-boot-starter-web-2.5.0.jar:/home/runner/.m2/repository/org/springframework/boot/spring-boot-starter/2.5.0/spring-boot-starter-2.5.0.jar:/home/runner/.m2/repository/org/springframework/boot/spring-boot/2.5.0/spring-boot-2.5.0.jar:/home/runner/.m2/repository/org/springframework/boot/spring-boot-autoconfigure/2.5.0/spring-boot-autoconfigure-2.5.0.jar:/home/runner/.m2/repository/org/springframework/boot/spring-boot-starter-logging/2.5.0/spring-boot-starter-logging-2.5.0.jar:/home/runner/.m2/repository/ch/qos/logback/logback-classic/1.2.3/logback-classic-1.2.3.jar:/home/runner/.m2/repository/ch/qos/logback/logback-core/1.2.3/logback-core-1.2.3.jar:/home/runner/.m2/repository/org/apache/logging/log4j/log4j-to-slf4j/2.14.1/log4j-to-slf4j-2.14.1.jar:/home/runner/.m2/repository/org/apache/logging/log4j/log4j-api/2.14.1/log4j-api-2.14.1.jar:/home/runner/.m2/repository/org/slf4j/jul-to-slf4j/1.7.30/jul-to-slf4j-1.7.30.jar:/home/runner/.m2/repository/jakarta/annotation/jakarta.annotation-api/1.3.5/jakarta.annotation-api-1.3.5.jar:/home/runner/.m2/repository/org/yaml/snakeyaml/1.28/snakeyaml-1.28.jar:/home/runner/.m2/repository/org/springframework/boot/spring-boot-starter-json/2.5.0/spring-boot-starter-json-2.5.0.jar:/home/runner/.m2/repository/com/fasterxml/jackson/core/jackson-databind/2.12.3/jackson-databind-2.12.3.jar:/home/runner/.m2/repository/com/fasterxml/jackson/core/jackson-core/2.12.3/jackson-core-2.12.3.jar:/home/runner/.m2/repository/com/fasterxml/jackson/datatype/jackson-datatype-jdk8/2.12.3/jackson-datatype-jdk8-2.12.3.jar:/home/runner/.m2/repository/com/fasterxml/jackson/datatype/jackson-datatype-jsr310/2.12.3/jackson-datatype-jsr310-2.12.3.jar:/home/runner/.m2/repository/com/fasterxml/jackson/module/jackson-module-parameter-names/2.12.3/jackson-module-parameter-names-2.12.3.jar:/home/runner/.m2/repository/org/springframework/boot/spring-boot-starter-tomcat/2.5.0/spring-boot-starter-tomcat-2.5.0.jar:/home/runner/.m2/repository/org/apache/tomcat/embed/tomcat-embed-core/9.0.46/tomcat-embed-core-9.0.46.jar:/home/runner/.m2/repository/org/apache/tomcat/embed/tomcat-embed-el/9.0.46/tomcat-embed-el-9.0.46.jar:/home/runner/.m2/repository/org/apache/tomcat/embed/tomcat-embed-websocket/9.0.46/tomcat-embed-websocket-9.0.46.jar:/home/runner/.m2/repository/org/springframework/spring-web/5.3.7/spring-web-5.3.7.jar:/home/runner/.m2/repository/org/springframework/spring-webmvc/5.3.7/spring-webmvc-5.3.7.jar:/home/runner/.m2/repository/org/springframework/spring-expression/5.3.7/spring-expression-5.3.7.jar:/home/runner/.m2/repository/org/springframework/boot/spring-boot-starter-data-rest/2.5.0/spring-boot-starter-data-rest-2.5.0.jar:/home/runner/.m2/repository/org/springframework/data/spring-data-rest-webmvc/3.5.1/spring-data-rest-webmvc-3.5.1.jar:/home/runner/.m2/repository/org/springframework/data/spring-data-rest-core/3.5.1/spring-data-rest-core-3.5.1.jar:/home/runner/.m2/repository/org/springframework/hateoas/spring-hateoas/1.3.1/spring-hateoas-1.3.1.jar:/home/runner/.m2/repository/org/springframework/plugin/spring-plugin-core/2.0.0.RELEASE/spring-plugin-core-2.0.0.RELEASE.jar:/home/runner/.m2/repository/org/atteo/evo-inflector/1.2.2/evo-inflector-1.2.2.jar:/home/runner/.m2/repository/com/fasterxml/jackson/core/jackson-annotations/2.12.3/jackson-annotations-2.12.3.jar:/home/runner/.m2/repository/org/springframework/boot/spring-boot-starter-web-services/2.5.0/spring-boot-starter-web-services-2.5.0.jar:/home/runner/.m2/repository/com/sun/xml/messaging/saaj/saaj-impl/1.5.3/saaj-impl-1.5.3.jar:/home/runner/.m2/repository/jakarta/xml/soap/jakarta.xml.soap-api/1.4.2/jakarta.xml.soap-api-1.4.2.jar:/home/runner/.m2/repository/org/jvnet/staxex/stax-ex/1.8.3/stax-ex-1.8.3.jar:/home/runner/.m2/repository/com/sun/activation/jakarta.activation/1.2.2/jakarta.activation-1.2.2.jar:/home/runner/.m2/repository/jakarta/xml/ws/jakarta.xml.ws-api/2.3.3/jakarta.xml.ws-api-2.3.3.jar:/home/runner/.m2/repository/jakarta/jws/jakarta.jws-api/2.1.0/jakarta.jws-api-2.1.0.jar:/home/runner/.m2/repository/org/springframework/spring-oxm/5.3.7/spring-oxm-5.3.7.jar:/home/runner/.m2/repository/org/springframework/ws/spring-ws-core/3.1.1/spring-ws-core-3.1.1.jar:/home/runner/.m2/repository/org/springframework/ws/spring-xml/3.1.1/spring-xml-3.1.1.jar:/home/runner/.m2/repository/org/springframework/boot/spring-boot-starter-test/2.5.0/spring-boot-starter-test-2.5.0.jar:/home/runner/.m2/repository/org/springframework/boot/spring-boot-test/2.5.0/spring-boot-test-2.5.0.jar:/home/runner/.m2/repository/org/springframework/boot/spring-boot-test-autoconfigure/2.5.0/spring-boot-test-autoconfigure-2.5.0.jar:/home/runner/.m2/repository/com/jayway/jsonpath/json-path/2.5.0/json-path-2.5.0.jar:/home/runner/.m2/repository/net/minidev/json-smart/2.4.7/json-smart-2.4.7.jar:/home/runner/.m2/repository/net/minidev/accessors-smart/2.4.7/accessors-smart-2.4.7.jar:/home/runner/.m2/repository/jakarta/xml/bind/jakarta.xml.bind-api/2.3.3/jakarta.xml.bind-api-2.3.3.jar:/home/runner/.m2/repository/jakarta/activation/jakarta.activation-api/1.2.2/jakarta.activation-api-1.2.2.jar:/home/runner/.m2/repository/org/assertj/assertj-core/3.19.0/assertj-core-3.19.0.jar:/home/runner/.m2/repository/org/hamcrest/hamcrest/2.2/hamcrest-2.2.jar:/home/runner/.m2/repository/org/junit/jupiter/junit-jupiter/5.7.2/junit-jupiter-5.7.2.jar:/home/runner/.m2/repository/org/junit/jupiter/junit-jupiter-api/5.7.2/junit-jupiter-api-5.7.2.jar:/home/runner/.m2/repository/org/junit/jupiter/junit-jupiter-params/5.7.2/junit-jupiter-params-5.7.2.jar:/home/runner/.m2/repository/org/junit/jupiter/junit-jupiter-engine/5.7.2/junit-jupiter-engine-5.7.2.jar:/home/runner/.m2/repository/org/mockito/mockito-core/3.9.0/mockito-core-3.9.0.jar:/home/runner/.m2/repository/net/bytebuddy/byte-buddy-agent/1.10.22/byte-buddy-agent-1.10.22.jar:/home/runner/.m2/repository/org/objenesis/objenesis/3.2/objenesis-3.2.jar:/home/runner/.m2/repository/org/mockito/mockito-junit-jupiter/3.9.0/mockito-junit-jupiter-3.9.0.jar:/home/runner/.m2/repository/org/skyscreamer/jsonassert/1.5.0/jsonassert-1.5.0.jar:/home/runner/.m2/repository/com/vaadin/external/google/android-json/0.0.20131108.vaadin1/android-json-0.0.20131108.vaadin1.jar:/home/runner/.m2/repository/org/springframework/spring-core/5.3.7/spring-core-5.3.7.jar:/home/runner/.m2/repository/org/springframework/spring-jcl/5.3.7/spring-jcl-5.3.7.jar:/home/runner/.m2/repository/org/springframework/spring-test/5.3.7/spring-test-5.3.7.jar:/home/runner/.m2/repository/org/xmlunit/xmlunit-core/2.8.2/xmlunit-core-2.8.2.jar:/home/runner/.m2/repository/org/apache/commons/commons-lang3/3.12.0/commons-lang3-3.12.0.jar:/home/runner/.m2/repository/org/projectlombok/lombok/1.18.20/lombok-1.18.20.jar:/home/runner/.m2/repository/com/google/code/gson/gson/2.8.7/gson-2.8.7.jar:/home/runner/.m2/repository/junit/junit/4.13.2/junit-4.13.2.jar:/home/runner/.m2/repository/org/hamcrest/hamcrest-core/2.2/hamcrest-core-2.2.jar:/home/runner/.m2/repository/org/junit/vintage/junit-vintage-engine/5.7.0-M1/junit-vintage-engine-5.7.0-M1.jar:/home/runner/.m2/repository/org/apiguardian/apiguardian-api/1.1.0/apiguardian-api-1.1.0.jar:/home/runner/.m2/repository/org/junit/platform/junit-platform-engine/1.7.2/junit-platform-engine-1.7.2.jar:/home/runner/.m2/repository/org/opentest4j/opentest4j/1.2.0/opentest4j-1.2.0.jar:/home/runner/.m2/repository/org/junit/platform/junit-platform-commons/1.7.2/junit-platform-commons-1.7.2.jar:/home/runner/.m2/repository/org/apache/maven/plugins/maven-surefire-plugin/3.0.0-M5/maven-surefire-plugin-3.0.0-M5.jar:/home/runner/.m2/repository/org/apache/maven/surefire/maven-surefire-common/3.0.0-M5/maven-surefire-common-3.0.0-M5.jar:/home/runner/.m2/repository/org/apache/maven/surefire/surefire-api/3.0.0-M5/surefire-api-3.0.0-M5.jar:/home/runner/.m2/repository/org/apache/maven/surefire/surefire-logger-api/3.0.0-M5/surefire-logger-api-3.0.0-M5.jar:/home/runner/.m2/repository/org/apache/maven/surefire/surefire-extensions-api/3.0.0-M5/surefire-extensions-api-3.0.0-M5.jar:/home/runner/.m2/repository/org/apache/maven/surefire/surefire-booter/3.0.0-M5/surefire-booter-3.0.0-M5.jar:/home/runner/.m2/repository/org/apache/maven/surefire/surefire-extensions-spi/3.0.0-M5/surefire-extensions-spi-3.0.0-M5.jar:/home/runner/.m2/repository/org/apache/maven/maven-toolchain/3.0-alpha-2/maven-toolchain-3.0-alpha-2.jar:/home/runner/.m2/repository/org/apache/maven/shared/maven-artifact-transfer/0.11.0/maven-artifact-transfer-0.11.0.jar:/home/runner/.m2/repository/org/apache/maven/shared/maven-common-artifact-filters/3.0.1/maven-common-artifact-filters-3.0.1.jar:/home/runner/.m2/repository/org/apache/maven/maven-model/3.0/maven-model-3.0.jar:/home/runner/.m2/repository/org/apache/maven/maven-plugin-api/3.0/maven-plugin-api-3.0.jar:/home/runner/.m2/repository/org/sonatype/sisu/sisu-inject-plexus/1.4.2/sisu-inject-plexus-1.4.2.jar:/home/runner/.m2/repository/org/codehaus/plexus/plexus-classworlds/2.2.3/plexus-classworlds-2.2.3.jar:/home/runner/.m2/repository/org/sonatype/sisu/sisu-inject-bean/1.4.2/sisu-inject-bean-1.4.2.jar:/home/runner/.m2/repository/org/sonatype/sisu/sisu-guice/2.1.7/sisu-guice-2.1.7-noaop.jar:/home/runner/.m2/repository/org/apache/maven/shared/maven-shared-utils/3.1.0/maven-shared-utils-3.1.0.jar:/home/runner/.m2/repository/commons-io/commons-io/2.5/commons-io-2.5.jar:/home/runner/.m2/repository/commons-codec/commons-codec/1.15/commons-codec-1.15.jar:/home/runner/.m2/repository/org/codehaus/plexus/plexus-java/1.0.5/plexus-java-1.0.5.jar:/home/runner/.m2/repository/org/ow2/asm/asm/7.2/asm-7.2.jar:/home/runner/.m2/repository/com/thoughtworks/qdox/qdox/2.0-M9/qdox-2.0-M9.jar:/home/runner/.m2/repository/org/apache/maven/surefire/surefire-shared-utils/3.0.0-M4/surefire-shared-utils-3.0.0-M4.jar:/home/runner/.m2/repository/com/icegreen/greenmail/1.6.5/greenmail-1.6.5.jar:/home/runner/.m2/repository/com/sun/mail/jakarta.mail/1.6.7/jakarta.mail-1.6.7.jar:/home/runner/.m2/repository/org/slf4j/slf4j-api/1.7.30/slf4j-api-1.7.30.jar:/home/runner/.m2/repository/org/json/json/20210307/json-20210307.jar:"/>
    <property name="java.vm.vendor" value="Eclipse Foundation"/>
    <property name="sun.arch.data.model" value="64"/>
    <property name="java.vendor.url" value="https://adoptium.net/"/>
    <property name="os.name" value="Linux"/>
    <property name="java.vm.specification.version" value="16"/>
    <property name="sun.java.launcher" value="SUN_STANDARD"/>
    <property name="sun.boot.library.path" value="/opt/hostedtoolcache/Java_Adopt_jdk/16.0.2-7/x64/lib"/>
    <property name="sun.java.command" value="/home/runner/work/KIT-PSE_Sensordatenbankmanagementsystem/KIT-PSE_Sensordatenbankmanagementsystem/notification/target/surefire/surefirebooter17961916747024509868.jar /home/runner/work/KIT-PSE_Sensordatenbankmanagementsystem/KIT-PSE_Sensordatenbankmanagementsystem/notification/target/surefire 2021-08-31T19-59-22_879-jvmRun1 surefire9527358093071460934tmp surefire_017465525249099109724tmp"/>
    <property name="jdk.debug" value="release"/>
    <property name="surefire.test.class.path" value="/home/runner/work/KIT-PSE_Sensordatenbankmanagementsystem/KIT-PSE_Sensordatenbankmanagementsystem/notification/target/test-classes:/home/runner/work/KIT-PSE_Sensordatenbankmanagementsystem/KIT-PSE_Sensordatenbankmanagementsystem/notification/target/classes:/home/runner/.m2/repository/org/springframework/boot/spring-boot-starter-data-jpa/2.5.0/spring-boot-starter-data-jpa-2.5.0.jar:/home/runner/.m2/repository/org/springframework/boot/spring-boot-starter-aop/2.5.0/spring-boot-starter-aop-2.5.0.jar:/home/runner/.m2/repository/org/springframework/spring-aop/5.3.7/spring-aop-5.3.7.jar:/home/runner/.m2/repository/org/aspectj/aspectjweaver/1.9.6/aspectjweaver-1.9.6.jar:/home/runner/.m2/repository/org/springframework/boot/spring-boot-starter-jdbc/2.5.0/spring-boot-starter-jdbc-2.5.0.jar:/home/runner/.m2/repository/com/zaxxer/HikariCP/4.0.3/HikariCP-4.0.3.jar:/home/runner/.m2/repository/org/springframework/spring-jdbc/5.3.7/spring-jdbc-5.3.7.jar:/home/runner/.m2/repository/jakarta/transaction/jakarta.transaction-api/1.3.3/jakarta.transaction-api-1.3.3.jar:/home/runner/.m2/repository/jakarta/persistence/jakarta.persistence-api/2.2.3/jakarta.persistence-api-2.2.3.jar:/home/runner/.m2/repository/org/hibernate/hibernate-core/5.4.31.Final/hibernate-core-5.4.31.Final.jar:/home/runner/.m2/repository/org/jboss/logging/jboss-logging/3.4.1.Final/jboss-logging-3.4.1.Final.jar:/home/runner/.m2/repository/org/javassist/javassist/3.27.0-GA/javassist-3.27.0-GA.jar:/home/runner/.m2/repository/net/bytebuddy/byte-buddy/1.10.22/byte-buddy-1.10.22.jar:/home/runner/.m2/repository/antlr/antlr/2.7.7/antlr-2.7.7.jar:/home/runner/.m2/repository/org/jboss/jandex/2.2.3.Final/jandex-2.2.3.Final.jar:/home/runner/.m2/repository/com/fasterxml/classmate/1.5.1/classmate-1.5.1.jar:/home/runner/.m2/repository/org/dom4j/dom4j/2.1.3/dom4j-2.1.3.jar:/home/runner/.m2/repository/org/hibernate/common/hibernate-commons-annotations/5.1.2.Final/hibernate-commons-annotations-5.1.2.Final.jar:/home/runner/.m2/repository/org/glassfish/jaxb/jaxb-runtime/2.3.4/jaxb-runtime-2.3.4.jar:/home/runner/.m2/repository/org/glassfish/jaxb/txw2/2.3.4/txw2-2.3.4.jar:/home/runner/.m2/repository/com/sun/istack/istack-commons-runtime/3.0.12/istack-commons-runtime-3.0.12.jar:/home/runner/.m2/repository/org/springframework/data/spring-data-jpa/2.5.1/spring-data-jpa-2.5.1.jar:/home/runner/.m2/repository/org/springframework/data/spring-data-commons/2.5.1/spring-data-commons-2.5.1.jar:/home/runner/.m2/repository/org/springframework/spring-orm/5.3.7/spring-orm-5.3.7.jar:/home/runner/.m2/repository/org/springframework/spring-context/5.3.7/spring-context-5.3.7.jar:/home/runner/.m2/repository/org/springframework/spring-tx/5.3.7/spring-tx-5.3.7.jar:/home/runner/.m2/repository/org/springframework/spring-beans/5.3.7/spring-beans-5.3.7.jar:/home/runner/.m2/repository/org/springframework/spring-aspects/5.3.7/spring-aspects-5.3.7.jar:/home/runner/.m2/repository/org/postgresql/postgresql/42.2.20/postgresql-42.2.20.jar:/home/runner/.m2/repository/org/checkerframework/checker-qual/3.5.0/checker-qual-3.5.0.jar:/home/runner/.m2/repository/javax/mail/javax.mail-api/1.6.2/javax.mail-api-1.6.2.jar:/home/runner/.m2/repository/javax/javaee-api/8.0.1/javaee-api-8.0.1.jar:/home/runner/.m2/repository/com/sun/mail/javax.mail/1.6.2/javax.mail-1.6.2.jar:/home/runner/.m2/repository/javax/activation/activation/1.1/activation-1.1.jar:/home/runner/.m2/repository/org/springframework/boot/spring-boot-starter-web/2.5.0/spring-boot-starter-web-2.5.0.jar:/home/runner/.m2/repository/org/springframework/boot/spring-boot-starter/2.5.0/spring-boot-starter-2.5.0.jar:/home/runner/.m2/repository/org/springframework/boot/spring-boot/2.5.0/spring-boot-2.5.0.jar:/home/runner/.m2/repository/org/springframework/boot/spring-boot-autoconfigure/2.5.0/spring-boot-autoconfigure-2.5.0.jar:/home/runner/.m2/repository/org/springframework/boot/spring-boot-starter-logging/2.5.0/spring-boot-starter-logging-2.5.0.jar:/home/runner/.m2/repository/ch/qos/logback/logback-classic/1.2.3/logback-classic-1.2.3.jar:/home/runner/.m2/repository/ch/qos/logback/logback-core/1.2.3/logback-core-1.2.3.jar:/home/runner/.m2/repository/org/apache/logging/log4j/log4j-to-slf4j/2.14.1/log4j-to-slf4j-2.14.1.jar:/home/runner/.m2/repository/org/apache/logging/log4j/log4j-api/2.14.1/log4j-api-2.14.1.jar:/home/runner/.m2/repository/org/slf4j/jul-to-slf4j/1.7.30/jul-to-slf4j-1.7.30.jar:/home/runner/.m2/repository/jakarta/annotation/jakarta.annotation-api/1.3.5/jakarta.annotation-api-1.3.5.jar:/home/runner/.m2/repository/org/yaml/snakeyaml/1.28/snakeyaml-1.28.jar:/home/runner/.m2/repository/org/springframework/boot/spring-boot-starter-json/2.5.0/spring-boot-starter-json-2.5.0.jar:/home/runner/.m2/repository/com/fasterxml/jackson/core/jackson-databind/2.12.3/jackson-databind-2.12.3.jar:/home/runner/.m2/repository/com/fasterxml/jackson/core/jackson-core/2.12.3/jackson-core-2.12.3.jar:/home/runner/.m2/repository/com/fasterxml/jackson/datatype/jackson-datatype-jdk8/2.12.3/jackson-datatype-jdk8-2.12.3.jar:/home/runner/.m2/repository/com/fasterxml/jackson/datatype/jackson-datatype-jsr310/2.12.3/jackson-datatype-jsr310-2.12.3.jar:/home/runner/.m2/repository/com/fasterxml/jackson/module/jackson-module-parameter-names/2.12.3/jackson-module-parameter-names-2.12.3.jar:/home/runner/.m2/repository/org/springframework/boot/spring-boot-starter-tomcat/2.5.0/spring-boot-starter-tomcat-2.5.0.jar:/home/runner/.m2/repository/org/apache/tomcat/embed/tomcat-embed-core/9.0.46/tomcat-embed-core-9.0.46.jar:/home/runner/.m2/repository/org/apache/tomcat/embed/tomcat-embed-el/9.0.46/tomcat-embed-el-9.0.46.jar:/home/runner/.m2/repository/org/apache/tomcat/embed/tomcat-embed-websocket/9.0.46/tomcat-embed-websocket-9.0.46.jar:/home/runner/.m2/repository/org/springframework/spring-web/5.3.7/spring-web-5.3.7.jar:/home/runner/.m2/repository/org/springframework/spring-webmvc/5.3.7/spring-webmvc-5.3.7.jar:/home/runner/.m2/repository/org/springframework/spring-expression/5.3.7/spring-expression-5.3.7.jar:/home/runner/.m2/repository/org/springframework/boot/spring-boot-starter-data-rest/2.5.0/spring-boot-starter-data-rest-2.5.0.jar:/home/runner/.m2/repository/org/springframework/data/spring-data-rest-webmvc/3.5.1/spring-data-rest-webmvc-3.5.1.jar:/home/runner/.m2/repository/org/springframework/data/spring-data-rest-core/3.5.1/spring-data-rest-core-3.5.1.jar:/home/runner/.m2/repository/org/springframework/hateoas/spring-hateoas/1.3.1/spring-hateoas-1.3.1.jar:/home/runner/.m2/repository/org/springframework/plugin/spring-plugin-core/2.0.0.RELEASE/spring-plugin-core-2.0.0.RELEASE.jar:/home/runner/.m2/repository/org/atteo/evo-inflector/1.2.2/evo-inflector-1.2.2.jar:/home/runner/.m2/repository/com/fasterxml/jackson/core/jackson-annotations/2.12.3/jackson-annotations-2.12.3.jar:/home/runner/.m2/repository/org/springframework/boot/spring-boot-starter-web-services/2.5.0/spring-boot-starter-web-services-2.5.0.jar:/home/runner/.m2/repository/com/sun/xml/messaging/saaj/saaj-impl/1.5.3/saaj-impl-1.5.3.jar:/home/runner/.m2/repository/jakarta/xml/soap/jakarta.xml.soap-api/1.4.2/jakarta.xml.soap-api-1.4.2.jar:/home/runner/.m2/repository/org/jvnet/staxex/stax-ex/1.8.3/stax-ex-1.8.3.jar:/home/runner/.m2/repository/com/sun/activation/jakarta.activation/1.2.2/jakarta.activation-1.2.2.jar:/home/runner/.m2/repository/jakarta/xml/ws/jakarta.xml.ws-api/2.3.3/jakarta.xml.ws-api-2.3.3.jar:/home/runner/.m2/repository/jakarta/jws/jakarta.jws-api/2.1.0/jakarta.jws-api-2.1.0.jar:/home/runner/.m2/repository/org/springframework/spring-oxm/5.3.7/spring-oxm-5.3.7.jar:/home/runner/.m2/repository/org/springframework/ws/spring-ws-core/3.1.1/spring-ws-core-3.1.1.jar:/home/runner/.m2/repository/org/springframework/ws/spring-xml/3.1.1/spring-xml-3.1.1.jar:/home/runner/.m2/repository/org/springframework/boot/spring-boot-starter-test/2.5.0/spring-boot-starter-test-2.5.0.jar:/home/runner/.m2/repository/org/springframework/boot/spring-boot-test/2.5.0/spring-boot-test-2.5.0.jar:/home/runner/.m2/repository/org/springframework/boot/spring-boot-test-autoconfigure/2.5.0/spring-boot-test-autoconfigure-2.5.0.jar:/home/runner/.m2/repository/com/jayway/jsonpath/json-path/2.5.0/json-path-2.5.0.jar:/home/runner/.m2/repository/net/minidev/json-smart/2.4.7/json-smart-2.4.7.jar:/home/runner/.m2/repository/net/minidev/accessors-smart/2.4.7/accessors-smart-2.4.7.jar:/home/runner/.m2/repository/jakarta/xml/bind/jakarta.xml.bind-api/2.3.3/jakarta.xml.bind-api-2.3.3.jar:/home/runner/.m2/repository/jakarta/activation/jakarta.activation-api/1.2.2/jakarta.activation-api-1.2.2.jar:/home/runner/.m2/repository/org/assertj/assertj-core/3.19.0/assertj-core-3.19.0.jar:/home/runner/.m2/repository/org/hamcrest/hamcrest/2.2/hamcrest-2.2.jar:/home/runner/.m2/repository/org/junit/jupiter/junit-jupiter/5.7.2/junit-jupiter-5.7.2.jar:/home/runner/.m2/repository/org/junit/jupiter/junit-jupiter-api/5.7.2/junit-jupiter-api-5.7.2.jar:/home/runner/.m2/repository/org/junit/jupiter/junit-jupiter-params/5.7.2/junit-jupiter-params-5.7.2.jar:/home/runner/.m2/repository/org/junit/jupiter/junit-jupiter-engine/5.7.2/junit-jupiter-engine-5.7.2.jar:/home/runner/.m2/repository/org/mockito/mockito-core/3.9.0/mockito-core-3.9.0.jar:/home/runner/.m2/repository/net/bytebuddy/byte-buddy-agent/1.10.22/byte-buddy-agent-1.10.22.jar:/home/runner/.m2/repository/org/objenesis/objenesis/3.2/objenesis-3.2.jar:/home/runner/.m2/repository/org/mockito/mockito-junit-jupiter/3.9.0/mockito-junit-jupiter-3.9.0.jar:/home/runner/.m2/repository/org/skyscreamer/jsonassert/1.5.0/jsonassert-1.5.0.jar:/home/runner/.m2/repository/com/vaadin/external/google/android-json/0.0.20131108.vaadin1/android-json-0.0.20131108.vaadin1.jar:/home/runner/.m2/repository/org/springframework/spring-core/5.3.7/spring-core-5.3.7.jar:/home/runner/.m2/repository/org/springframework/spring-jcl/5.3.7/spring-jcl-5.3.7.jar:/home/runner/.m2/repository/org/springframework/spring-test/5.3.7/spring-test-5.3.7.jar:/home/runner/.m2/repository/org/xmlunit/xmlunit-core/2.8.2/xmlunit-core-2.8.2.jar:/home/runner/.m2/repository/org/apache/commons/commons-lang3/3.12.0/commons-lang3-3.12.0.jar:/home/runner/.m2/repository/org/projectlombok/lombok/1.18.20/lombok-1.18.20.jar:/home/runner/.m2/repository/com/google/code/gson/gson/2.8.7/gson-2.8.7.jar:/home/runner/.m2/repository/junit/junit/4.13.2/junit-4.13.2.jar:/home/runner/.m2/repository/org/hamcrest/hamcrest-core/2.2/hamcrest-core-2.2.jar:/home/runner/.m2/repository/org/junit/vintage/junit-vintage-engine/5.7.0-M1/junit-vintage-engine-5.7.0-M1.jar:/home/runner/.m2/repository/org/apiguardian/apiguardian-api/1.1.0/apiguardian-api-1.1.0.jar:/home/runner/.m2/repository/org/junit/platform/junit-platform-engine/1.7.2/junit-platform-engine-1.7.2.jar:/home/runner/.m2/repository/org/opentest4j/opentest4j/1.2.0/opentest4j-1.2.0.jar:/home/runner/.m2/repository/org/junit/platform/junit-platform-commons/1.7.2/junit-platform-commons-1.7.2.jar:/home/runner/.m2/repository/org/apache/maven/plugins/maven-surefire-plugin/3.0.0-M5/maven-surefire-plugin-3.0.0-M5.jar:/home/runner/.m2/repository/org/apache/maven/surefire/maven-surefire-common/3.0.0-M5/maven-surefire-common-3.0.0-M5.jar:/home/runner/.m2/repository/org/apache/maven/surefire/surefire-api/3.0.0-M5/surefire-api-3.0.0-M5.jar:/home/runner/.m2/repository/org/apache/maven/surefire/surefire-logger-api/3.0.0-M5/surefire-logger-api-3.0.0-M5.jar:/home/runner/.m2/repository/org/apache/maven/surefire/surefire-extensions-api/3.0.0-M5/surefire-extensions-api-3.0.0-M5.jar:/home/runner/.m2/repository/org/apache/maven/surefire/surefire-booter/3.0.0-M5/surefire-booter-3.0.0-M5.jar:/home/runner/.m2/repository/org/apache/maven/surefire/surefire-extensions-spi/3.0.0-M5/surefire-extensions-spi-3.0.0-M5.jar:/home/runner/.m2/repository/org/apache/maven/maven-toolchain/3.0-alpha-2/maven-toolchain-3.0-alpha-2.jar:/home/runner/.m2/repository/org/apache/maven/shared/maven-artifact-transfer/0.11.0/maven-artifact-transfer-0.11.0.jar:/home/runner/.m2/repository/org/apache/maven/shared/maven-common-artifact-filters/3.0.1/maven-common-artifact-filters-3.0.1.jar:/home/runner/.m2/repository/org/apache/maven/maven-model/3.0/maven-model-3.0.jar:/home/runner/.m2/repository/org/apache/maven/maven-plugin-api/3.0/maven-plugin-api-3.0.jar:/home/runner/.m2/repository/org/sonatype/sisu/sisu-inject-plexus/1.4.2/sisu-inject-plexus-1.4.2.jar:/home/runner/.m2/repository/org/codehaus/plexus/plexus-classworlds/2.2.3/plexus-classworlds-2.2.3.jar:/home/runner/.m2/repository/org/sonatype/sisu/sisu-inject-bean/1.4.2/sisu-inject-bean-1.4.2.jar:/home/runner/.m2/repository/org/sonatype/sisu/sisu-guice/2.1.7/sisu-guice-2.1.7-noaop.jar:/home/runner/.m2/repository/org/apache/maven/shared/maven-shared-utils/3.1.0/maven-shared-utils-3.1.0.jar:/home/runner/.m2/repository/commons-io/commons-io/2.5/commons-io-2.5.jar:/home/runner/.m2/repository/commons-codec/commons-codec/1.15/commons-codec-1.15.jar:/home/runner/.m2/repository/org/codehaus/plexus/plexus-java/1.0.5/plexus-java-1.0.5.jar:/home/runner/.m2/repository/org/ow2/asm/asm/7.2/asm-7.2.jar:/home/runner/.m2/repository/com/thoughtworks/qdox/qdox/2.0-M9/qdox-2.0-M9.jar:/home/runner/.m2/repository/org/apache/maven/surefire/surefire-shared-utils/3.0.0-M4/surefire-shared-utils-3.0.0-M4.jar:/home/runner/.m2/repository/com/icegreen/greenmail/1.6.5/greenmail-1.6.5.jar:/home/runner/.m2/repository/com/sun/mail/jakarta.mail/1.6.7/jakarta.mail-1.6.7.jar:/home/runner/.m2/repository/org/slf4j/slf4j-api/1.7.30/slf4j-api-1.7.30.jar:/home/runner/.m2/repository/org/json/json/20210307/json-20210307.jar:"/>
    <property name="sun.cpu.endian" value="little"/>
    <property name="user.home" value="/home/runner"/>
    <property name="user.language" value="en"/>
    <property name="java.specification.vendor" value="Oracle Corporation"/>
    <property name="java.version.date" value="2021-07-20"/>
    <property name="java.home" value="/opt/hostedtoolcache/Java_Adopt_jdk/16.0.2-7/x64"/>
    <property name="file.separator" value="/"/>
    <property name="basedir" value="/home/runner/work/KIT-PSE_Sensordatenbankmanagementsystem/KIT-PSE_Sensordatenbankmanagementsystem/notification"/>
    <property name="java.vm.compressedOopsMode" value="32-bit"/>
    <property name="line.separator" value="&#10;"/>
    <property name="java.vm.specification.vendor" value="Oracle Corporation"/>
    <property name="java.specification.name" value="Java Platform API Specification"/>
    <property name="surefire.real.class.path" value="/home/runner/work/KIT-PSE_Sensordatenbankmanagementsystem/KIT-PSE_Sensordatenbankmanagementsystem/notification/target/surefire/surefirebooter17961916747024509868.jar"/>
    <property name="sun.management.compiler" value="HotSpot 64-Bit Tiered Compilers"/>
    <property name="java.runtime.version" value="16.0.2+7"/>
    <property name="user.name" value="runner"/>
    <property name="path.separator" value=":"/>
    <property name="os.version" value="5.8.0-1039-azure"/>
    <property name="java.runtime.name" value="OpenJDK Runtime Environment"/>
    <property name="file.encoding" value="UTF-8"/>
    <property name="java.vm.name" value="OpenJDK 64-Bit Server VM"/>
    <property name="java.vendor.version" value="Temurin-16.0.2+7"/>
    <property name="localRepository" value="/home/runner/.m2/repository"/>
    <property name="java.vendor.url.bug" value="https://github.com/adoptium/adoptium-support/issues"/>
    <property name="java.io.tmpdir" value="/tmp"/>
    <property name="java.version" value="16.0.2"/>
    <property name="user.dir" value="/home/runner/work/KIT-PSE_Sensordatenbankmanagementsystem/KIT-PSE_Sensordatenbankmanagementsystem/notification"/>
    <property name="os.arch" value="amd64"/>
    <property name="java.vm.specification.name" value="Java Virtual Machine Specification"/>
    <property name="java.library.path" value="/usr/java/packages/lib:/usr/lib64:/lib64:/lib:/usr/lib"/>
    <property name="java.vm.info" value="mixed mode, sharing"/>
    <property name="java.vendor" value="Eclipse Foundation"/>
    <property name="java.vm.version" value="16.0.2+7"/>
    <property name="sun.io.unicode.encoding" value="UnicodeLittle"/>
    <property name="java.class.version" value="60.0"/>
  </properties>
  <testcase name="testBuildAlert" classname="notificationsystem.view.MailBuilderTests" time="0.019"/>
  <testcase name="testBuildConfirmationMail" classname="notificationsystem.view.MailBuilderTests" time="0.006"/>
  <testcase name="testBuildReport" classname="notificationsystem.view.MailBuilderTests" time="0.016"/>
</testsuite>